Current directory: /home/hunt-stokes/bayesian_optimisation
Environment variables: JUPYTER_CONFIG_DIR=/home/hewittc/rat-cage/root-6.24.02/etc/notebook
_CONDOR_ANCESTOR_38867=53721:1723793926:462386794
RAT_SCONS=/data/snoplus/software/snocave_Alma9/scons-3.1.2
_CONDOR_SCHEDD_ADDRESS_FILE=/var/lib/condor/spool/.schedd_address
_CONDOR_ANCESTOR_2786=38867:1723760408:4020938689
G4PIIDATA=/data/snoplus/software/snocave_Alma9/geant4.10.00.p04/share/Geant4-10.0.4/data/G4PII1.3
CLING_STANDARD_PCH=none
RAT_CFLAGS=
G4NEUTRONXSDATA=/data/snoplus/software/snocave_Alma9/geant4.10.00.p04/share/Geant4-10.0.4/data/G4NEUTRONXS1.4
_CONDOR_SCHEDD_DAEMON_AD_FILE=/var/lib/condor/spool/.schedd_classad
ROOT_INCLUDE_PATH=/home/hunt-stokes/rattus_novus/include:/home/hunt-stokes/rattus_novus/include/libpq:/home/hunt-stokes/rattus_novus/include/external:
PWD=/home/hunt-stokes/bayesian_optimisation
_CONDOR_ANCESTOR_2378=2786:1723645109:771844012
_condor_SCHEDD_DAEMON_AD_FILE=/var/lib/condor/spool/.schedd_classad
_CONDOR_JOB_AD=/var/lib/condor/spool/local_univ_execute/dir_772226_0/.job.ad
MANPATH=/home/hewittc/rat-cage/root-6.24.02/man://home/hewittc/rat-cage/root-6.24.02/man:/home/hewittc/rat-cage/root-6.24.02/man:/usr/local/share/man:/usr/share/man:/opt/dell/srvadmin/share/man
G4LEDATA=/data/snoplus/software/snocave_Alma9/geant4.10.00.p04/share/Geant4-10.0.4/data/G4EMLOW6.35
HOME=/home/hunt-stokes
SHLIB_PATH=/home/hewittc/rat-cage/root-6.24.02/lib
LANG=en_GB.UTF-8
DYLD_LIBRARY_PATH=/home/hunt-stokes/rattus_novus/lib:/data/snoplus/software/snocave_Alma9/gsl-1.16/lib://home/hewittc/rat-cage/root-6.24.02/lib:/home/hewittc/rat-cage/root-6.24.02/lib
_CONDOR_MAX_DAGMAN_LOG=0
CONDOR_ID=772226.0
CMAKE_PREFIX_PATH=/home/hewittc/rat-cage/root-6.24.02
RATROOT=/home/hunt-stokes/rattus_novus
G4NEUTRONHPDATA=/data/snoplus/software/snocave_Alma9/geant4.10.00.p04/share/Geant4-10.0.4/data/G4NDL4.4
PYTHONPATH=/home/hunt-stokes/rattus_novus/python:/data/snoplus/software/snocave_Alma9/scons-3.1.2/engine:/home/hunt-stokes/libraries://home/hewittc/rat-cage/root-6.24.02/lib:/home/hewittc/rat-cage/root-6.24.02/lib:/home/hunt-stokes/rattus_novus/python:/data/snoplus/software/snocave_Alma9/scons-3.1.2/engine:/home/hunt-stokes/libraries://home/hewittc/rat-cage/root-6.24.02/lib:/home/hewittc/rat-cage/root-6.24.02/lib
USER=hunt-stokes
_condor_SCHEDD_ADDRESS_FILE=/var/lib/condor/spool/.schedd_address
LIBPATH=/home/hewittc/rat-cage/root-6.24.02/lib
SHLVL=0
CONDOR_PARENT_ID=pplxcondor03:38867:1723760408
G4SAIDXSDATA=/data/snoplus/software/snocave_Alma9/geant4.10.00.p04/share/Geant4-10.0.4/data/G4SAIDDATA1.1
JUPYTER_PATH=/home/hewittc/rat-cage/root-6.24.02/etc/notebook
ROOTSYS=/home/hewittc/rat-cage/root-6.24.02
SNOCAVE=/data/snoplus/software/snocave_Alma9
LD_LIBRARY_PATH=/home/hunt-stokes/rattus_novus/lib:/data/snoplus/software/snocave_Alma9/gsl-1.16/lib://home/hewittc/rat-cage/root-6.24.02/lib:/data/snoplus/software/snocave_Alma9/geant4.10.00.p04/lib64:/home/hewittc/rat-cage/root-6.24.02/lib
XDG_RUNTIME_DIR=/run/user/25992
G4REALSURFACEDATA=/data/snoplus/software/snocave_Alma9/geant4.10.00.p04/share/Geant4-10.0.4/data/RealSurface1.0
_CONDOR_DAGMAN_LOG=/home/hunt-stokes/bayesian_optimisation/main.dag.dagman.out
G4ABLADATA=/data/snoplus/software/snocave_Alma9/geant4.10.00.p04/share/Geant4-10.0.4/data/G4ABLA3.0
PATH=/home/hunt-stokes/rattus_novus/bin:/data/snoplus/software/snocave_Alma9/scons-3.1.2/script:/data/snoplus/software/snocave_Alma9/geant4.10.00.p04/bin:/data/snoplus/software/snocave_Alma9/gsl-1.16/bin:/data/snoplus/software/snocave_Alma9/scons-3.1.2/bin://home/hewittc/rat-cage/root-6.24.02/bin:/data/snoplus/software/snocave_Alma9/geant4.10.00.p04/bin:/data/snoplus/software/snocave_Alma9/geant4.10.00.p04/bin:/home/hewittc/rat-cage/root-6.24.02/bin:/home/hunt-stokes/rattus_novus/bin:/data/snoplus/software/snocave_Alma9/scons-3.1.2/script:/data/snoplus/software/snocave_Alma9/geant4.10.00.p04/bin:/data/snoplus/software/snocave_Alma9/gsl-1.16/bin:/data/snoplus/software/snocave_Alma9/scons-3.1.2/bin://home/hewittc/rat-cage/root-6.24.02/bin:/data/snoplus/software/snocave_Alma9/geant4.10.00.p04/bin:/data/snoplus/software/snocave_Alma9/geant4.10.00.p04/bin:/home/hewittc/rat-cage/root-6.24.02/bin:/home/hunt-stokes/.vscode-server/bin/8b3775030ed1a69b13e4f4c628c612102e30a681/bin/remote-cli:/home/hunt-stokes:/home/hunt-stokes:/usr/share/Modules/bin:/usr/local/bin:/usr/bin:/usr/local/sbin:/usr/sbin:/opt/dell/srvadmin/bin:/home/hunt-stokes/.local/bin:/home/hunt-stokes/bin:/home/hunt-stokes/.local/bin:/home/hunt-stokes/bin
G4LEVELGAMMADATA=/data/snoplus/software/snocave_Alma9/geant4.10.00.p04/share/Geant4-10.0.4/data/PhotonEvaporation3.0
G4RADIOACTIVEDATA=/data/snoplus/software/snocave_Alma9/geant4.10.00.p04/share/Geant4-10.0.4/data/RadioactiveDecay4.0
GLG4DATA=/home/hunt-stokes/rattus_novus/data
RATSYSTEM=Linux
CONDOR_INHERIT=38867  0 0
_=/usr/bin/env
Traceback (most recent call last):
  File "/home/hunt-stokes/bayesian_optimisation/select_parameters.py", line 1, in <module>
    from point_selector import PointSelector
  File "/home/hunt-stokes/bayesian_optimisation/point_selector.py", line 1, in <module>
    import numpy as np
ModuleNotFoundError: No module named 'numpy'
